<?xml version="1.0" encoding="UTF-8"?>
<testsuite name="Run on Chrome"
           tests="29"
           failures="2"
           errors="0"
           skipped="0"
           time="670.893">
  <properties />
            <testcase name="TC_020_LogIn_BranchAccount" time="48.285" classname="Login.LoginTest">
                <failure type="org.openqa.selenium.NoSuchElementException"
                  message="no such element: Unable to locate element: {&quot;method&quot;:&quot;xpath&quot;,&quot;selector&quot;:&quot;//a[@href=&apos;/logout&apos;]&quot;}
  (Session info: chrome=58.0.3029.96)
  (Driver info: chromedriver=2.28.455520 (cc17746adff54984afff480136733114c6b3704b),platform=Windows NT 6.1.7601 SP1 x86_64) (WARNING: The server did not provide any stacktrace information)
Command duration or timeout: 15.05 seconds
For documentation on this error, please visit: http://seleniumhq.org/exceptions/no_such_element.html
Build info: version: &apos;2.53.1&apos;, revision: &apos;a36b8b1cd5757287168e54b817830adce9b0158d&apos;, time: &apos;2016-06-30 19:26:09&apos;
System info: host: &apos;QuocBao&apos;, ip: &apos;192.168.195.1&apos;, os.name: &apos;Windows 7&apos;, os.arch: &apos;amd64&apos;, os.version: &apos;6.1&apos;, java.version: &apos;1.8.0_121&apos;
Driver info: org.openqa.selenium.chrome.ChromeDriver
Capabilities [{applicationCacheEnabled=false, rotatable=false, mobileEmulationEnabled=false, networkConnectionEnabled=false, chrome={chromedriverVersion=2.28.455520 (cc17746adff54984afff480136733114c6b3704b), userDataDir=C:\Users\ASIANT~1\AppData\Local\Temp\scoped_dir7472_2093}, takesHeapSnapshot=true, pageLoadStrategy=normal, databaseEnabled=false, handlesAlerts=true, hasTouchScreen=false, version=58.0.3029.96, platform=XP, browserConnectionEnabled=false, nativeEvents=true, acceptSslCerts=true, locationContextEnabled=true, webStorageEnabled=true, browserName=chrome, takesScreenshot=true, javascriptEnabled=true, cssSelectorsEnabled=true, unexpectedAlertBehaviour=}]
Session ID: 74a35225d38a39c565fa1aac4386f05a
*** Element info: {Using=xpath, value=//a[@href=&apos;/logout&apos;]}"
              >
<![CDATA[org.openqa.selenium.NoSuchElementException: no such element: Unable to locate element: {"method":"xpath","selector":"//a[@href='/logout']"}
  (Session info: chrome=58.0.3029.96)
  (Driver info: chromedriver=2.28.455520 (cc17746adff54984afff480136733114c6b3704b),platform=Windows NT 6.1.7601 SP1 x86_64) (WARNING: The server did not provide any stacktrace information)
Command duration or timeout: 15.05 seconds
For documentation on this error, please visit: http://seleniumhq.org/exceptions/no_such_element.html
Build info: version: '2.53.1', revision: 'a36b8b1cd5757287168e54b817830adce9b0158d', time: '2016-06-30 19:26:09'
System info: host: 'QuocBao', ip: '192.168.195.1', os.name: 'Windows 7', os.arch: 'amd64', os.version: '6.1', java.version: '1.8.0_121'
Driver info: org.openqa.selenium.chrome.ChromeDriver
Capabilities [{applicationCacheEnabled=false, rotatable=false, mobileEmulationEnabled=false, networkConnectionEnabled=false, chrome={chromedriverVersion=2.28.455520 (cc17746adff54984afff480136733114c6b3704b), userDataDir=C:\Users\ASIANT~1\AppData\Local\Temp\scoped_dir7472_2093}, takesHeapSnapshot=true, pageLoadStrategy=normal, databaseEnabled=false, handlesAlerts=true, hasTouchScreen=false, version=58.0.3029.96, platform=XP, browserConnectionEnabled=false, nativeEvents=true, acceptSslCerts=true, locationContextEnabled=true, webStorageEnabled=true, browserName=chrome, takesScreenshot=true, javascriptEnabled=true, cssSelectorsEnabled=true, unexpectedAlertBehaviour=}]
Session ID: 74a35225d38a39c565fa1aac4386f05a
*** Element info: {Using=xpath, value=//a[@href='/logout']}
  sun.reflect.NativeConstructorAccessorImpl.newInstance0(Native Method)
  sun.reflect.NativeConstructorAccessorImpl.newInstance(NativeConstructorAccessorImpl.java:62)
  sun.reflect.DelegatingConstructorAccessorImpl.newInstance(DelegatingConstructorAccessorImpl.java:45)
  java.lang.reflect.Constructor.newInstance(Constructor.java:423)
  org.openqa.selenium.remote.ErrorHandler.createThrowable(ErrorHandler.java:206)
  org.openqa.selenium.remote.ErrorHandler.throwIfResponseFailed(ErrorHandler.java:158)
  org.openqa.selenium.remote.RemoteWebDriver.execute(RemoteWebDriver.java:678)
  org.openqa.selenium.remote.RemoteWebDriver.findElement(RemoteWebDriver.java:363)
  org.openqa.selenium.remote.RemoteWebDriver.findElementByXPath(RemoteWebDriver.java:500)
  org.openqa.selenium.By$ByXPath.findElement(By.java:361)
  org.openqa.selenium.remote.RemoteWebDriver.findElement(RemoteWebDriver.java:355)
  common.AutomationControl.findElement(AutomationControl.java:15)
  common.AbstractPage.waitForElement(AbstractPage.java:57)
  page.DashboardPage.logOut(DashboardPage.java:37)
  Login.LoginTest.TC_020_LogIn_BranchAccount(LoginTest.java:320)
  sun.reflect.NativeMethodAccessorImpl.invoke0(Native Method)
  sun.reflect.NativeMethodAccessorImpl.invoke(NativeMethodAccessorImpl.java:62)
  sun.reflect.DelegatingMethodAccessorImpl.invoke(DelegatingMethodAccessorImpl.java:43)
  java.lang.reflect.Method.invoke(Method.java:498)
  org.testng.internal.MethodInvocationHelper.invokeMethod(MethodInvocationHelper.java:80)
  org.testng.internal.Invoker.invokeMethod(Invoker.java:714)
  org.testng.internal.Invoker.invokeTestMethod(Invoker.java:901)
  org.testng.internal.Invoker.invokeTestMethods(Invoker.java:1231)
  org.testng.internal.TestMethodWorker.invokeTestMethods(TestMethodWorker.java:127)
  org.testng.internal.TestMethodWorker.run(TestMethodWorker.java:111)
  org.testng.TestRunner.privateRun(TestRunner.java:767)
  org.testng.TestRunner.run(TestRunner.java:617)
  org.testng.SuiteRunner.runTest(SuiteRunner.java:334)
  org.testng.SuiteRunner.runSequentially(SuiteRunner.java:329)
  org.testng.SuiteRunner.privateRun(SuiteRunner.java:291)
  org.testng.SuiteRunner.run(SuiteRunner.java:240)
  org.testng.SuiteRunnerWorker.runSuite(SuiteRunnerWorker.java:52)
  org.testng.SuiteRunnerWorker.run(SuiteRunnerWorker.java:86)
  org.testng.TestNG.runSuitesSequentially(TestNG.java:1198)
  org.testng.TestNG.runSuitesLocally(TestNG.java:1123)
  org.testng.TestNG.run(TestNG.java:1031)
  org.testng.remote.RemoteTestNG.run(RemoteTestNG.java:115)
  org.testng.remote.RemoteTestNG.initAndRun(RemoteTestNG.java:207)
  org.testng.remote.RemoteTestNG.main(RemoteTestNG.java:178)
]]>
      </failure>

          </testcase>
            <testcase name="TC_027_ForgotPwd_Invalid_Email" time="32.871" classname="Login.LoginTest">
                <failure type="java.lang.AssertionError"
                  message="expected [true] but found [false]"
              >
<![CDATA[java.lang.AssertionError: expected [true] but found [false]
  org.testng.Assert.fail(Assert.java:94)
  org.testng.Assert.failNotEquals(Assert.java:494)
  org.testng.Assert.assertTrue(Assert.java:42)
  org.testng.Assert.assertTrue(Assert.java:52)
  common.AbstractTest.verifyTrue(AbstractTest.java:40)
  common.AbstractTest.verifyTrue(AbstractTest.java:55)
  Login.LoginTest.TC_027_ForgotPwd_Invalid_Email(LoginTest.java:372)
  sun.reflect.NativeMethodAccessorImpl.invoke0(Native Method)
  sun.reflect.NativeMethodAccessorImpl.invoke(NativeMethodAccessorImpl.java:62)
  sun.reflect.DelegatingMethodAccessorImpl.invoke(DelegatingMethodAccessorImpl.java:43)
  java.lang.reflect.Method.invoke(Method.java:498)
  org.testng.internal.MethodInvocationHelper.invokeMethod(MethodInvocationHelper.java:80)
  org.testng.internal.Invoker.invokeMethod(Invoker.java:714)
  org.testng.internal.Invoker.invokeTestMethod(Invoker.java:901)
  org.testng.internal.Invoker.invokeTestMethods(Invoker.java:1231)
  org.testng.internal.TestMethodWorker.invokeTestMethods(TestMethodWorker.java:127)
  org.testng.internal.TestMethodWorker.run(TestMethodWorker.java:111)
  org.testng.TestRunner.privateRun(TestRunner.java:767)
  org.testng.TestRunner.run(TestRunner.java:617)
  org.testng.SuiteRunner.runTest(SuiteRunner.java:334)
  org.testng.SuiteRunner.runSequentially(SuiteRunner.java:329)
  org.testng.SuiteRunner.privateRun(SuiteRunner.java:291)
  org.testng.SuiteRunner.run(SuiteRunner.java:240)
  org.testng.SuiteRunnerWorker.runSuite(SuiteRunnerWorker.java:52)
  org.testng.SuiteRunnerWorker.run(SuiteRunnerWorker.java:86)
  org.testng.TestNG.runSuitesSequentially(TestNG.java:1198)
  org.testng.TestNG.runSuitesLocally(TestNG.java:1123)
  org.testng.TestNG.run(TestNG.java:1031)
  org.testng.remote.RemoteTestNG.run(RemoteTestNG.java:115)
  org.testng.remote.RemoteTestNG.initAndRun(RemoteTestNG.java:207)
  org.testng.remote.RemoteTestNG.main(RemoteTestNG.java:178)
]]>
      </failure>

          </testcase>
  
  
            <testcase name="TC_038_Reset_Pwd_with_ValidPwd" time="38.580" classname="Login.LoginTest" />
                <testcase name="TC_010_Invalid_ID_and_Invalid_Password" time="3.164" classname="Login.LoginTest" />
                <testcase name="TC_019_LogIn_CompnayAccount" time="3.970" classname="Login.LoginTest" />
                <testcase name="TC_035_RestPwd_with_InvalidPwd" time="38.178" classname="Login.LoginTest" />
                <testcase name="TC_017_Check_Forgot_Pwd_function" time="2.728" classname="Login.LoginTest" />
                <testcase name="TC_003_No_ID_and_No_Password" time="3.013" classname="Login.LoginTest" />
                <testcase name="TC_007_No_ID_and_Invalid_Password" time="3.235" classname="Login.LoginTest" />
                <testcase name="TC_042_Reset_Pwd_with_Pwdmorethan15cha" time="49.202" classname="Login.LoginTest" />
                <testcase name="TC_002_Title_Login_Screen" time="0.119" classname="Login.LoginTest" />
                <testcase name="TC_011_Valid_ID_and_Valid_Password" time="5.394" classname="Login.LoginTest" />
                <testcase name="TC_008_Valid_ID_and_Invalid_Password" time="3.403" classname="Login.LoginTest" />
                <testcase name="TC_033_Check_Cancel_Button" time="0.755" classname="Login.LoginTest" />
                <testcase name="TC_029_ForgotPwd_Reset_Register_Email" time="117.949" classname="Login.LoginTest" />
                <testcase name="TC_034_RestPwd_with_validPwd" time="38.285" classname="Login.LoginTest" />
                <testcase name="TC_040_Reset_Pwd_with_Pwdlessthan8cha" time="35.881" classname="Login.LoginTest" />
                <testcase name="TC_021_LogIn_AgentAccount" time="4.036" classname="Login.LoginTest" />
                <testcase name="TC_028_ForgotPwd_Valid_Email" time="2.957" classname="Login.LoginTest" />
                <testcase name="TC_036_Reset_Pwd_without_Input" time="36.466" classname="Login.LoginTest" />
                <testcase name="TC_043_Reset_Pwd_with_PwdisNotSame" time="99.485" classname="Login.LoginTest" />
                <testcase name="TC_006_Invaid_ID_and_No_Password" time="3.099" classname="Login.LoginTest" />
                <testcase name="TC_039_Reset_Pwd_with_ValidValue_2times" time="76.666" classname="Login.LoginTest" />
                <testcase name="TC_018_LogIn_AdminAccount" time="4.261" classname="Login.LoginTest" />
                <testcase name="TC_030_ForgotPwd_Unregister_Email" time="6.730" classname="Login.LoginTest" />
                <testcase name="TC_026_ForgotPwd_Without_Email" time="2.769" classname="Login.LoginTest" />
                <testcase name="TC_005_No_ID_and_Valid_Password" time="3.079" classname="Login.LoginTest" />
                <testcase name="TC_004_Vaid_ID_and_No_Password" time="3.131" classname="Login.LoginTest" />
                <testcase name="TC_009_Invalid_ID_and_Valid_Password" time="3.202" classname="Login.LoginTest" />
      
</testsuite>
